<?xml version="1.0" encoding="UTF-8"?>
<testng-results ignored="0" total="1" passed="1" failed="0" skipped="0">
  <reporter-output>
  </reporter-output>
  <suite started-at="2022-05-23T09:51:09 EDT" name="Default suite" finished-at="2022-05-23T09:51:17 EDT" duration-ms="7624">
    <groups>
    </groups>
    <test started-at="2022-05-23T09:51:09 EDT" name="Default test" finished-at="2022-05-23T09:51:17 EDT" duration-ms="7624">
      <class name="log4j_Pack.Log4j_Reports">
        <test-method is-config="true" signature="setup()[pri:0, instance:log4j_Pack.Log4j_Reports@6025e1b6]" started-at="2022-05-23T09:51:09 EDT" name="setup" finished-at="2022-05-23T09:51:16 EDT" duration-ms="6819" status="PASS">
          <reporter-output>
          </reporter-output>
        </test-method> <!-- setup -->
        <test-method signature="test()[pri:0, instance:log4j_Pack.Log4j_Reports@6025e1b6]" started-at="2022-05-23T09:51:16 EDT" name="test" finished-at="2022-05-23T09:51:16 EDT" duration-ms="10" status="PASS">
          <reporter-output>
          </reporter-output>
        </test-method> <!-- test -->
        <test-method is-config="true" signature="tearDown()[pri:0, instance:log4j_Pack.Log4j_Reports@6025e1b6]" started-at="2022-05-23T09:51:16 EDT" name="tearDown" finished-at="2022-05-23T09:51:17 EDT" duration-ms="746" status="PASS">
          <reporter-output>
          </reporter-output>
        </test-method> <!-- tearDown -->
      </class> <!-- log4j_Pack.Log4j_Reports -->
    </test> <!-- Default test -->
  </suite> <!-- Default suite -->
</testng-results>
